<?xml version="1.0" encoding="UTF-8"?>
<!-- Generated by org.testng.reporters.JUnitReportReporter -->
<testsuite hostname="DESKTOP-VSK12J1" failures="0" tests="2" name="neoStoxTestClass.NeoStoxValidatingBalance" time="47.957" errors="0" timestamp="2022-12-11T08:15:32 IST" skipped="0">
  <testcase classname="neoStoxTestClass.NeoStoxValidatingBalance" name="validatingUserName" time="28.265"/>
  <system-out>
    <![CDATA[Wait for 1000ms
validating Actual and expected Username
taking screenShot...
enter expun from property file 
validatingUserName method are successfully run]]>
  </system-out>
  <testcase classname="neoStoxTestClass.NeoStoxValidatingBalance" name="validatingAccountBalance" time="19.692"/>
  <system-out>
    <![CDATA[Wait for 1000ms
Validating actual and expected A/c Balance
validatingAccountBalance method are successfully run]]>
  </system-out>
</testsuite> <!-- neoStoxTestClass.NeoStoxValidatingBalance -->
